2016-06-13T20:08:00.818338+00:00 app[web.1]: ApiVersion=2010-04-01
2016-06-13T20:08:00.818339+00:00 app[web.1]: header: X-Request-Start = 1465848480816
2016-06-13T20:08:00.818339+00:00 app[web.1]: header: X-Use-Static-Proxy = true
2016-06-13T20:08:00.818340+00:00 app[web.1]: header: Host = arcane-woodland-8516.herokuapp.com
2016-06-13T20:08:00.818345+00:00 app[web.1]: header: X-Forwarded-Port = 443
2016-06-13T20:08:00.818341+00:00 app[web.1]: header: Via = 1.1 vegur
2016-06-13T20:08:00.818341+00:00 app[web.1]: header: X-Request-Id = bfadedcd-7691-4df4-8a4a-6a488cf39390
2016-06-13T20:08:00.818342+00:00 app[web.1]: header: X-Forwarded-For = 174.129.222.33
2016-06-13T20:08:00.818343+00:00 app[web.1]: header: Total-Route-Time = 0
2016-06-13T20:08:00.818343+00:00 app[web.1]: header: Content-Length = 299
2016-06-13T20:08:00.818344+00:00 app[web.1]: header: Content-Type = application/x-www-form-urlencoded; charset=UTF-8
2016-06-13T20:08:00.818363+00:00 app[web.1]: header: Cache-Control = max-age=259200
2016-06-13T20:08:00.818346+00:00 app[web.1]: header: User-Agent = TwilioProxy/1.1
2016-06-13T20:08:00.818364+00:00 app[web.1]: -------------------------end of log request--------------------------
2016-06-13T20:08:00.818361+00:00 app[web.1]: header: Connection = close
2016-06-13T20:08:00.818362+00:00 app[web.1]: header: Connect-Time = 0
2016-06-13T20:08:00.818363+00:00 app[web.1]: header: X-Twilio-Signature = 93p5eP7xG7wtt6SzprxjSfG0mk4=
2016-06-13T20:08:00.818368+00:00 app[web.1]: 
2016-06-13T20:08:00.818345+00:00 app[web.1]: header: X-Forwarded-Proto = https
2016-06-13T20:08:00.821877+00:00 heroku[router]: at=info method=POST path="/voice/twilio/callhandler/call/00Dxx0000001gEH" host=arcane-woodland-8516.herokuapp.com request_id=bfadedcd-7691-4df4-8a4a-6a488cf39390 fwd="174.129.222.33" dyno=web.1 connect=0ms service=3ms status=200 bytes=411
2016-06-13T20:08:10.218309+00:00 app[web.1]: for request http://arcane-woodland-8516.herokuapp.com/voice/twilio/callhandler/status/00Dxx0000001gGw
2016-06-13T20:08:10.218312+00:00 app[web.1]: CallbackSource=call-progress-events
2016-06-13T20:08:10.218311+00:00 app[web.1]: query string null
2016-06-13T20:08:10.218298+00:00 app[web.1]: -------------------------log request--------------------------
2016-06-13T20:08:10.218313+00:00 app[web.1]: ApplicationSid=AP694c93c6572245479d0f09f240a93ed3
2016-06-13T20:08:10.218314+00:00 app[web.1]: To=
2016-06-13T20:08:10.218312+00:00 app[web.1]: AccountSid=AC5f10004e22355c27b26b1fb20d96d8a0
2016-06-13T20:08:10.218315+00:00 app[web.1]: Called=
2016-06-13T20:08:10.218320+00:00 app[web.1]: Duration=1
2016-06-13T20:08:10.218317+00:00 app[web.1]: Direction=inbound
2016-06-13T20:08:10.218316+00:00 app[web.1]: SequenceNumber=0
2016-06-13T20:08:10.218313+00:00 app[web.1]: CallStatus=completed
2016-06-13T20:08:10.218319+00:00 app[web.1]: Caller=client:17609614955
2016-06-13T20:08:10.218318+00:00 app[web.1]: Timestamp=Mon, 13 Jun 2016 20:08:10 +0000
2016-06-13T20:08:10.218319+00:00 app[web.1]: ApiVersion=2010-04-01
2016-06-13T20:08:10.218316+00:00 app[web.1]: CallDuration=27
2016-06-13T20:08:10.218322+00:00 app[web.1]: header: X-Request-Start = 1465848490218
2016-06-13T20:08:10.218325+00:00 app[web.1]: header: X-Request-Id = 6063f5a9-629f-4efe-8519-1576218e6e98
2016-06-13T20:08:10.218323+00:00 app[web.1]: header: Host = arcane-woodland-8516.herokuapp.com
2016-06-13T20:08:10.218320+00:00 app[web.1]: CallSid=CAc6d9a69454f5eb3ea4b5c0c04aa9fe17
2016-06-13T20:08:10.218324+00:00 app[web.1]: header: Via = 1.1 vegur
2016-06-13T20:08:10.218321+00:00 app[web.1]: From=client:17609614955
2016-06-13T20:08:10.218324+00:00 app[web.1]: header: Accept = */*
2016-06-13T20:08:10.218327+00:00 app[web.1]: header: Content-Length = 405
2016-06-13T20:08:10.218326+00:00 app[web.1]: header: X-Forwarded-For = 174.129.222.33
2016-06-13T20:08:10.218323+00:00 app[web.1]: header: X-Use-Static-Proxy = true
2016-06-13T20:08:10.218328+00:00 app[web.1]: header: Content-Type = application/x-www-form-urlencoded; charset=utf-8
2016-06-13T20:08:10.218329+00:00 app[web.1]: header: X-Forwarded-Port = 443
2016-06-13T20:08:10.218330+00:00 app[web.1]: header: User-Agent = TwilioProxy/1.1
2016-06-13T20:08:10.218326+00:00 app[web.1]: header: Total-Route-Time = 0
2016-06-13T20:08:10.218329+00:00 app[web.1]: header: X-Forwarded-Proto = https
2016-06-13T20:08:10.218333+00:00 app[web.1]: header: X-Twilio-Signature = Y8R8k+JGDeeHkDpdfi+DlfXJa0I=
2016-06-13T20:08:10.218332+00:00 app[web.1]: header: Cache-Control = max-age=259200
2016-06-13T20:08:10.218332+00:00 app[web.1]: header: Connect-Time = 0
2016-06-13T20:08:10.218339+00:00 app[web.1]: 
2016-06-13T20:08:10.218334+00:00 app[web.1]: -------------------------end of log request--------------------------
2016-06-13T20:08:10.218411+00:00 app[web.1]: <?xml version="1.0" encoding="UTF-8"?><Response></Response>
2016-06-13T20:08:10.246006+00:00 app[web.1]: query string null
2016-06-13T20:08:10.246008+00:00 app[web.1]: CallbackSource=call-progress-events
2016-06-13T20:08:10.246007+00:00 app[web.1]: AccountSid=AC5f10004e22355c27b26b1fb20d96d8a0
2016-06-13T20:08:10.246010+00:00 app[web.1]: RecordingUrl=https://api.twilio.com/2010-04-01/Accounts/AC5f10004e22355c27b26b1fb20d96d8a0/Recordings/RE48edb31aefa2ef890c3d6aa692590d27
2016-06-13T20:08:10.246011+00:00 app[web.1]: To=+18143952652
2016-06-13T20:08:10.245995+00:00 app[web.1]: -------------------------log request--------------------------
2016-06-13T20:08:10.246005+00:00 app[web.1]: for request http://arcane-woodland-8516.herokuapp.com/voice/twilio/callhandler/status/00Dxx0000001gGw/number
2016-06-13T20:08:10.246009+00:00 app[web.1]: CallStatus=completed
2016-06-13T20:08:10.246011+00:00 app[web.1]: Called=+18143952652
2016-06-13T20:08:10.218331+00:00 app[web.1]: header: Connection = close
2016-06-13T20:08:10.246008+00:00 app[web.1]: ApplicationSid=AP694c93c6572245479d0f09f240a93ed3
2016-06-13T20:08:10.246012+00:00 app[web.1]: CallDuration=16
2016-06-13T20:08:10.246015+00:00 app[web.1]: Direction=outbound-dial
2016-06-13T20:08:10.246017+00:00 app[web.1]: RecordingSid=RE48edb31aefa2ef890c3d6aa692590d27
2016-06-13T20:08:10.246013+00:00 app[web.1]: SequenceNumber=0
2016-06-13T20:08:10.246015+00:00 app[web.1]: Timestamp=Mon, 13 Jun 2016 20:08:10 +0000
2016-06-13T20:08:10.246013+00:00 app[web.1]: ParentCallSid=CAc6d9a69454f5eb3ea4b5c0c04aa9fe17
2016-06-13T20:08:10.246014+00:00 app[web.1]: RecordingDuration=31
2016-06-13T20:08:10.246016+00:00 app[web.1]: ApiVersion=2010-04-01
2016-06-13T20:08:10.246018+00:00 app[web.1]: CallSid=CA77fe49b6e5c717d4dfdab9b6928b1a92
2016-06-13T20:08:10.246018+00:00 app[web.1]: From=+17609614955
2016-06-13T20:08:10.246019+00:00 app[web.1]: header: X-Request-Start = 1465848490230
2016-06-13T20:08:10.246019+00:00 app[web.1]: header: X-Use-Static-Proxy = true
2016-06-13T20:08:10.246020+00:00 app[web.1]: header: Host = arcane-woodland-8516.herokuapp.com
2016-06-13T20:08:10.246021+00:00 app[web.1]: header: Via = 1.1 vegur
2016-06-13T20:08:10.246021+00:00 app[web.1]: header: Accept = */*
2016-06-13T20:08:10.246022+00:00 app[web.1]: header: X-Request-Id = 866531bf-d5c0-4a7e-8475-21f86b4ca131
2016-06-13T20:08:10.246022+00:00 app[web.1]: header: X-Forwarded-For = 23.21.226.67
2016-06-13T20:08:10.246023+00:00 app[web.1]: header: Total-Route-Time = 0
2016-06-13T20:08:10.246016+00:00 app[web.1]: Caller=+17609614955
2016-06-13T20:08:10.246023+00:00 app[web.1]: header: Content-Length = 687
2016-06-13T20:08:10.246024+00:00 app[web.1]: header: Content-Type = application/x-www-form-urlencoded; charset=utf-8
2016-06-13T20:08:10.246025+00:00 app[web.1]: header: X-Forwarded-Port = 443
2016-06-13T20:08:10.246027+00:00 app[web.1]: header: Connect-Time = 8
2016-06-13T20:08:10.246026+00:00 app[web.1]: header: X-Forwarded-Proto = https
2016-06-13T20:08:10.246026+00:00 app[web.1]: header: User-Agent = TwilioProxy/1.1
2016-06-13T20:08:10.246029+00:00 app[web.1]: header: X-Twilio-Signature = ey9VDOZVqe1Rl/jx49qCGU+qno4=
2016-06-13T20:08:10.246028+00:00 app[web.1]: header: Cache-Control = max-age=259200
2016-06-13T20:08:10.246027+00:00 app[web.1]: header: Connection = close
2016-06-13T20:08:10.246029+00:00 app[web.1]: -------------------------end of log request--------------------------
2016-06-13T20:08:10.246112+00:00 app[web.1]: 
2016-06-13T20:08:10.246369+00:00 app[web.1]: <?xml version="1.0" encoding="UTF-8"?><Response></Response>
2016-06-13T20:08:10.250164+00:00 heroku[router]: at=info method=POST path="/voice/twilio/callhandler/status/00Dxx0000001gGw/number" host=arcane-woodland-8516.herokuapp.com request_id=866531bf-d5c0-4a7e-8475-21f86b4ca131 fwd="23.21.226.67" dyno=web.1 connect=8ms service=10ms status=200 bytes=166
2016-06-13T20:08:10.223936+00:00 heroku[router]: at=info method=POST path="/voice/twilio/callhandler/status/00Dxx0000001gGw" host=arcane-woodland-8516.herokuapp.com request_id=6063f5a9-629f-4efe-8519-1576218e6e98 fwd="174.129.222.33" dyno=web.1 connect=0ms service=3ms status=200 bytes=166
