2016-06-13T18:26:19.001403+00:00 app[web.1]: CallStatus=ringing
2016-06-13T18:26:19.001414+00:00 app[web.1]: header: Total-Route-Time = 0
2016-06-13T18:26:19.001412+00:00 app[web.1]: header: Host = arcane-woodland-8516.herokuapp.com
2016-06-13T18:26:19.001412+00:00 app[web.1]: header: Via = 1.1 vegur
2016-06-13T18:26:19.001409+00:00 app[web.1]: ApiVersion=2010-04-01
2016-06-13T18:26:19.001415+00:00 app[web.1]: header: Content-Length = 299
2016-06-13T18:26:19.001418+00:00 app[web.1]: header: User-Agent = TwilioProxy/1.1
2016-06-13T18:26:19.001401+00:00 app[web.1]: AccountSid=AC5f10004e22355c27b26b1fb20d96d8a0
2016-06-13T18:26:19.001419+00:00 app[web.1]: header: Connection = close
2016-06-13T18:26:19.001403+00:00 app[web.1]: Caller=17609614955
2016-06-13T18:26:19.001416+00:00 app[web.1]: header: X-Forwarded-Port = 443
2016-06-13T18:26:19.001392+00:00 app[web.1]: for request http://arcane-woodland-8516.herokuapp.com/voice/twilio/callhandler/call/00Dxx0000001gGw
2016-06-13T18:26:19.001419+00:00 app[web.1]: header: Connect-Time = 0
2016-06-13T18:26:19.056491+00:00 heroku[router]: at=info method=POST path="/voice/twilio/callhandler/call/00Dxx0000001gGw" host=arcane-woodland-8516.herokuapp.com request_id=c6426581-0c89-4591-b962-0bc7c4745dc6 fwd="174.129.222.200" dyno=web.1 connect=0ms service=42ms status=200 bytes=411
2016-06-13T18:26:19.001421+00:00 app[web.1]: header: X-Twilio-Signature = rR6svDaxjnmpQzFPjK8ZyXPcz6M=
2016-06-13T18:26:19.001420+00:00 app[web.1]: header: Cache-Control = max-age=259200
2016-06-13T18:26:19.001416+00:00 app[web.1]: header: Content-Type = application/x-www-form-urlencoded; charset=UTF-8
2016-06-13T18:26:19.001426+00:00 app[web.1]: 
2016-06-13T18:26:19.001421+00:00 app[web.1]: -------------------------end of log request--------------------------
2016-06-13T18:26:19.001417+00:00 app[web.1]: header: X-Forwarded-Proto = https
2016-06-13T18:26:46.138777+00:00 app[web.1]: -------------------------log request--------------------------
2016-06-13T18:26:46.138787+00:00 app[web.1]: for request http://arcane-woodland-8516.herokuapp.com/voice/twilio/callhandler/status/00Dxx0000001gGw/number
2016-06-13T18:26:46.138791+00:00 app[web.1]: ApplicationSid=AP694c93c6572245479d0f09f240a93ed3
2016-06-13T18:26:46.138789+00:00 app[web.1]: query string null
2016-06-13T18:26:46.138790+00:00 app[web.1]: AccountSid=AC5f10004e22355c27b26b1fb20d96d8a0
2016-06-13T18:26:46.138792+00:00 app[web.1]: CallStatus=completed
2016-06-13T18:26:46.138793+00:00 app[web.1]: RecordingUrl=https://api.twilio.com/2010-04-01/Accounts/AC5f10004e22355c27b26b1fb20d96d8a0/Recordings/RE726738d9912bfc1976ee990775a02184
2016-06-13T18:26:46.138794+00:00 app[web.1]: To=+18143952652
2016-06-13T18:26:46.138798+00:00 app[web.1]: Timestamp=Mon, 13 Jun 2016 18:26:46 +0000
2016-06-13T18:26:46.138797+00:00 app[web.1]: SequenceNumber=0
2016-06-13T18:26:46.138798+00:00 app[web.1]: Direction=outbound-dial
2016-06-13T18:26:46.138796+00:00 app[web.1]: ParentCallSid=CA64ff98e83aaf401610998731278729d6
2016-06-13T18:26:46.138795+00:00 app[web.1]: CallDuration=15
2016-06-13T18:26:46.138800+00:00 app[web.1]: Caller=+17609614955
2016-06-13T18:26:46.138804+00:00 app[web.1]: CallSid=CA1a9e414fb8da24b6a07f55b424858b9b
2016-06-13T18:26:46.138806+00:00 app[web.1]: header: X-Use-Static-Proxy = true
2016-06-13T18:26:46.138795+00:00 app[web.1]: Called=+18143952652
2016-06-13T18:26:46.138807+00:00 app[web.1]: header: Via = 1.1 vegur
2016-06-13T18:26:46.138805+00:00 app[web.1]: From=+17609614955
2016-06-13T18:26:46.138791+00:00 app[web.1]: CallbackSource=call-progress-events
2016-06-13T18:26:46.138805+00:00 app[web.1]: header: X-Request-Start = 1465842406151
2016-06-13T18:26:46.138799+00:00 app[web.1]: ApiVersion=2010-04-01
2016-06-13T18:26:46.138808+00:00 app[web.1]: header: Accept = */*
2016-06-13T18:26:46.138808+00:00 app[web.1]: header: X-Request-Id = 095c5eb5-741b-4d16-9749-3845267fc291
2016-06-13T18:26:46.138801+00:00 app[web.1]: RecordingSid=RE726738d9912bfc1976ee990775a02184
2016-06-13T18:26:46.138809+00:00 app[web.1]: header: Total-Route-Time = 0
2016-06-13T18:26:46.138810+00:00 app[web.1]: header: Content-Length = 687
2016-06-13T18:26:46.138811+00:00 app[web.1]: header: Content-Type = application/x-www-form-urlencoded; charset=utf-8
2016-06-13T18:26:46.138813+00:00 app[web.1]: header: Connection = close
2016-06-13T18:26:46.138797+00:00 app[web.1]: RecordingDuration=30
2016-06-13T18:26:46.138809+00:00 app[web.1]: header: X-Forwarded-For = 23.21.226.67
2016-06-13T18:26:46.138812+00:00 app[web.1]: header: User-Agent = TwilioProxy/1.1
2016-06-13T18:26:46.138815+00:00 app[web.1]: header: X-Twilio-Signature = B+AMVmE93kMlWH1iw/C9YMmX1ao=
2016-06-13T18:26:46.154621+00:00 app[web.1]: AccountSid=AC5f10004e22355c27b26b1fb20d96d8a0
2016-06-13T18:26:46.139957+00:00 app[web.1]: <?xml version="1.0" encoding="UTF-8"?><Response></Response>
2016-06-13T18:26:46.138821+00:00 app[web.1]: 
2016-06-13T18:26:46.154620+00:00 app[web.1]: query string null
2016-06-13T18:26:46.138814+00:00 app[web.1]: header: Connect-Time = 0
2016-06-13T18:26:46.154649+00:00 app[web.1]: header: Host = arcane-woodland-8516.herokuapp.com
2016-06-13T18:26:46.138806+00:00 app[web.1]: header: Host = arcane-woodland-8516.herokuapp.com
2016-06-13T18:26:46.138812+00:00 app[web.1]: header: X-Forwarded-Proto = https
2016-06-13T18:26:46.138816+00:00 app[web.1]: -------------------------end of log request--------------------------
2016-06-13T18:26:46.154626+00:00 app[web.1]: SequenceNumber=0
2016-06-13T18:26:46.154622+00:00 app[web.1]: CallbackSource=call-progress-events
2016-06-13T18:26:46.154625+00:00 app[web.1]: Called=
2016-06-13T18:26:46.154647+00:00 app[web.1]: CallSid=CA64ff98e83aaf401610998731278729d6
2016-06-13T18:26:46.154627+00:00 app[web.1]: Direction=inbound
2016-06-13T18:26:46.154623+00:00 app[web.1]: CallStatus=completed
2016-06-13T18:26:46.154624+00:00 app[web.1]: To=
2016-06-13T18:26:46.138814+00:00 app[web.1]: header: Cache-Control = max-age=259200
2016-06-13T18:26:46.154652+00:00 app[web.1]: header: X-Forwarded-For = 174.129.222.200
2016-06-13T18:26:46.138811+00:00 app[web.1]: header: X-Forwarded-Port = 443
2016-06-13T18:26:46.154655+00:00 app[web.1]: header: Connect-Time = 0
2016-06-13T18:26:46.154623+00:00 app[web.1]: ApplicationSid=AP694c93c6572245479d0f09f240a93ed3
2016-06-13T18:26:46.154648+00:00 app[web.1]: From=client:17609614955
2016-06-13T18:26:46.154627+00:00 app[web.1]: Timestamp=Mon, 13 Jun 2016 18:26:46 +0000
2016-06-13T18:26:46.154648+00:00 app[web.1]: header: X-Request-Start = 1465842406168
2016-06-13T18:26:46.154628+00:00 app[web.1]: ApiVersion=2010-04-01
2016-06-13T18:26:46.154728+00:00 app[web.1]: 
2016-06-13T18:26:46.154649+00:00 app[web.1]: header: X-Use-Static-Proxy = true
2016-06-13T18:26:46.154626+00:00 app[web.1]: CallDuration=27
2016-06-13T18:26:46.154656+00:00 app[web.1]: header: X-Twilio-Signature = T+6KyS7K2v7W+6EsZ5RLSPyh7po=
2016-06-13T18:26:46.154654+00:00 app[web.1]: header: User-Agent = TwilioProxy/1.1
2016-06-13T18:26:46.154650+00:00 app[web.1]: header: Via = 1.1 vegur
2016-06-13T18:26:46.154610+00:00 app[web.1]: -------------------------log request--------------------------
2016-06-13T18:26:46.154824+00:00 app[web.1]: <?xml version="1.0" encoding="UTF-8"?><Response></Response>
2016-06-13T18:26:46.154629+00:00 app[web.1]: Duration=1
2016-06-13T18:26:46.154651+00:00 app[web.1]: header: Accept = */*
2016-06-13T18:26:46.154654+00:00 app[web.1]: header: Connection = close
2016-06-13T18:26:46.154619+00:00 app[web.1]: for request http://arcane-woodland-8516.herokuapp.com/voice/twilio/callhandler/status/00Dxx0000001gGw
2016-06-13T18:26:46.154653+00:00 app[web.1]: header: Content-Type = application/x-www-form-urlencoded; charset=utf-8
2016-06-13T18:26:46.174318+00:00 heroku[router]: at=info method=POST path="/voice/twilio/callhandler/status/00Dxx0000001gGw" host=arcane-woodland-8516.herokuapp.com request_id=1550ba94-1090-446e-8547-b99f0cab6d22 fwd="174.129.222.200" dyno=web.1 connect=0ms service=4ms status=200 bytes=166
2016-06-13T18:26:46.154654+00:00 app[web.1]: header: X-Forwarded-Proto = https
2016-06-13T18:26:46.154628+00:00 app[web.1]: Caller=client:17609614955
2016-06-13T18:26:46.154653+00:00 app[web.1]: header: Content-Length = 405
2016-06-13T18:26:46.154652+00:00 app[web.1]: header: Total-Route-Time = 0
2016-06-13T18:26:46.154651+00:00 app[web.1]: header: X-Request-Id = 1550ba94-1090-446e-8547-b99f0cab6d22
2016-06-13T18:26:46.154653+00:00 app[web.1]: header: X-Forwarded-Port = 443
2016-06-13T18:26:46.154655+00:00 app[web.1]: header: Cache-Control = max-age=259200
2016-06-13T18:26:46.154656+00:00 app[web.1]: -------------------------end of log request--------------------------
2016-06-13T18:26:46.159498+00:00 heroku[router]: at=info method=POST path="/voice/twilio/callhandler/status/00Dxx0000001gGw/number" host=arcane-woodland-8516.herokuapp.com request_id=095c5eb5-741b-4d16-9749-3845267fc291 fwd="23.21.226.67" dyno=web.1 connect=0ms service=6ms status=200 bytes=166
