2016-06-10T23:08:26.421419+00:00 app[web.1]: for request http://arcane-woodland-8516.herokuapp.com/voice/twilio/callhandler/status/00Dxx0000001gGw/number
2016-06-10T23:08:26.421421+00:00 app[web.1]: query string null
2016-06-10T23:08:26.421422+00:00 app[web.1]: AccountSid=AC5f10004e22355c27b26b1fb20d96d8a0
2016-06-10T23:08:26.421422+00:00 app[web.1]: CallbackSource=call-progress-events
2016-06-10T23:08:26.421423+00:00 app[web.1]: ApplicationSid=AP694c93c6572245479d0f09f240a93ed3
2016-06-10T23:08:26.421424+00:00 app[web.1]: CallStatus=completed
2016-06-10T23:08:26.421425+00:00 app[web.1]: RecordingUrl=https://api.twilio.com/2010-04-01/Accounts/AC5f10004e22355c27b26b1fb20d96d8a0/Recordings/REb43715d22809a8d1e52aee8e24cf8f27
2016-06-10T23:08:26.421426+00:00 app[web.1]: To=+18143952652
2016-06-10T23:08:26.421426+00:00 app[web.1]: Called=+18143952652
2016-06-10T23:08:26.421427+00:00 app[web.1]: CallDuration=12
2016-06-10T23:08:26.421428+00:00 app[web.1]: ParentCallSid=CAd4b03e4acc148e3cbbb663f56acd7a70
2016-06-10T23:08:26.421428+00:00 app[web.1]: SequenceNumber=0
2016-06-10T23:08:26.421429+00:00 app[web.1]: RecordingDuration=12
2016-06-10T23:08:26.421430+00:00 app[web.1]: Direction=outbound-dial
2016-06-10T23:08:26.421430+00:00 app[web.1]: Timestamp=Fri, 10 Jun 2016 23:08:26 +0000
2016-06-10T23:08:26.421431+00:00 app[web.1]: ApiVersion=2010-04-01
2016-06-10T23:08:26.421431+00:00 app[web.1]: Caller=+17609614955
2016-06-10T23:08:26.421432+00:00 app[web.1]: RecordingSid=REb43715d22809a8d1e52aee8e24cf8f27
2016-06-10T23:08:26.421433+00:00 app[web.1]: CallSid=CA5739867f8824e0b910bd499a212ffac6
2016-06-10T23:08:26.421433+00:00 app[web.1]: From=+17609614955
2016-06-10T23:08:26.421434+00:00 app[web.1]: header: X-Request-Start = 1465600106433
2016-06-10T23:08:26.421435+00:00 app[web.1]: header: X-Use-Static-Proxy = true
2016-06-10T23:08:26.421435+00:00 app[web.1]: header: Host = arcane-woodland-8516.herokuapp.com
2016-06-10T23:08:26.421436+00:00 app[web.1]: header: Accept = */*
2016-06-10T23:08:26.421435+00:00 app[web.1]: header: Via = 1.1 vegur
2016-06-10T23:08:26.421437+00:00 app[web.1]: header: X-Request-Id = 89370a0a-b8a6-4dbf-b98c-cd3d5808299f
2016-06-10T23:08:26.421437+00:00 app[web.1]: header: X-Forwarded-For = 174.129.222.200
2016-06-10T23:08:26.421438+00:00 app[web.1]: header: Total-Route-Time = 0
2016-06-10T23:08:26.421440+00:00 app[web.1]: header: X-Forwarded-Port = 443
2016-06-10T23:08:26.421440+00:00 app[web.1]: header: X-Forwarded-Proto = https
2016-06-10T23:08:26.421441+00:00 app[web.1]: header: User-Agent = TwilioProxy/1.1
2016-06-10T23:08:26.421441+00:00 app[web.1]: header: Connection = close
2016-06-10T23:08:26.421443+00:00 app[web.1]: header: Cache-Control = max-age=259200
2016-06-10T23:08:26.421444+00:00 app[web.1]: -------------------------end of log request--------------------------
2016-06-10T23:08:26.421448+00:00 app[web.1]: 
2016-06-10T23:08:26.450381+00:00 app[web.1]: -------------------------log request--------------------------
2016-06-10T23:08:26.421634+00:00 app[web.1]: <?xml version="1.0" encoding="UTF-8"?><Response></Response>
2016-06-10T23:08:26.450393+00:00 app[web.1]: for request http://arcane-woodland-8516.herokuapp.com/voice/twilio/callhandler/status/00Dxx0000001gGw
2016-06-10T23:08:26.450394+00:00 app[web.1]: query string null
2016-06-10T23:08:26.450395+00:00 app[web.1]: AccountSid=AC5f10004e22355c27b26b1fb20d96d8a0
2016-06-10T23:08:26.450395+00:00 app[web.1]: CallbackSource=call-progress-events
2016-06-10T23:08:26.421442+00:00 app[web.1]: header: Connect-Time = 1
2016-06-10T23:08:26.421443+00:00 app[web.1]: header: X-Twilio-Signature = sTphWojJC/trJi3DAWySJWSf824=
2016-06-10T23:08:26.421438+00:00 app[web.1]: header: Content-Length = 687
2016-06-10T23:08:26.450396+00:00 app[web.1]: ApplicationSid=AP694c93c6572245479d0f09f240a93ed3
2016-06-10T23:08:26.450397+00:00 app[web.1]: CallStatus=completed
2016-06-10T23:08:26.421439+00:00 app[web.1]: header: Content-Type = application/x-www-form-urlencoded; charset=utf-8
2016-06-10T23:08:26.450398+00:00 app[web.1]: To=
2016-06-10T23:08:26.450398+00:00 app[web.1]: Called=
2016-06-10T23:08:26.450399+00:00 app[web.1]: CallDuration=21
2016-06-10T23:08:26.450400+00:00 app[web.1]: Direction=inbound
2016-06-10T23:08:26.450400+00:00 app[web.1]: SequenceNumber=0
2016-06-10T23:08:26.450401+00:00 app[web.1]: Timestamp=Fri, 10 Jun 2016 23:08:26 +0000
2016-06-10T23:08:26.450402+00:00 app[web.1]: ApiVersion=2010-04-01
2016-06-10T23:08:26.450402+00:00 app[web.1]: Caller=client:17609614955
2016-06-10T23:08:26.450403+00:00 app[web.1]: Duration=1
2016-06-10T23:08:26.450404+00:00 app[web.1]: CallSid=CAd4b03e4acc148e3cbbb663f56acd7a70
2016-06-10T23:08:26.450405+00:00 app[web.1]: header: X-Request-Start = 1465600106479
2016-06-10T23:08:26.450404+00:00 app[web.1]: From=client:17609614955
2016-06-10T23:08:26.450405+00:00 app[web.1]: header: X-Use-Static-Proxy = true
2016-06-10T23:08:26.450406+00:00 app[web.1]: header: Host = arcane-woodland-8516.herokuapp.com
2016-06-10T23:08:26.450407+00:00 app[web.1]: header: Via = 1.1 vegur
2016-06-10T23:08:26.450407+00:00 app[web.1]: header: Accept = */*
2016-06-10T23:08:26.450408+00:00 app[web.1]: header: X-Request-Id = 93d8f40f-541e-472e-8780-b977079de1af
2016-06-10T23:08:26.450409+00:00 app[web.1]: header: X-Forwarded-For = 174.129.222.33
2016-06-10T23:08:26.450409+00:00 app[web.1]: header: Total-Route-Time = 0
2016-06-10T23:08:26.450410+00:00 app[web.1]: header: Content-Length = 405
2016-06-10T23:08:26.450411+00:00 app[web.1]: header: Content-Type = application/x-www-form-urlencoded; charset=utf-8
2016-06-10T23:08:26.450411+00:00 app[web.1]: header: X-Forwarded-Port = 443
2016-06-10T23:08:26.450412+00:00 app[web.1]: header: X-Forwarded-Proto = https
2016-06-10T23:08:26.450413+00:00 app[web.1]: header: User-Agent = TwilioProxy/1.1
2016-06-10T23:08:26.450414+00:00 app[web.1]: header: Connection = close
2016-06-10T23:08:26.450414+00:00 app[web.1]: header: Connect-Time = 0
2016-06-10T23:08:26.450415+00:00 app[web.1]: header: Cache-Control = max-age=259200
2016-06-10T23:08:26.450415+00:00 app[web.1]: header: X-Twilio-Signature = j8ZCfyStqOmL0voWqjFgXxIsxAY=
2016-06-10T23:08:26.450416+00:00 app[web.1]: -------------------------end of log request--------------------------
2016-06-10T23:08:26.450563+00:00 app[web.1]: <?xml version="1.0" encoding="UTF-8"?><Response></Response>
2016-06-10T23:08:26.450421+00:00 app[web.1]: 
2016-06-10T23:10:26.703417+00:00 heroku[slug-compiler]: Slug compilation started
2016-06-10T23:10:26.703422+00:00 heroku[slug-compiler]: Slug compilation finished
2016-06-10T23:10:26.505385+00:00 heroku[api]: Deploy 1ef24fc by tkline@salesforce.com
2016-06-10T23:10:26.505438+00:00 heroku[api]: Release v97 created by tkline@salesforce.com
2016-06-10T23:10:26.712371+00:00 heroku[web.1]: State changed from up to starting
2016-06-10T23:10:26.711583+00:00 heroku[web.1]: Restarting
2016-06-10T23:10:29.500102+00:00 heroku[web.1]: Starting process with command `java -XX:+UseCompressedOops -jar target/dependency/jetty-runner.jar --port 30209 target/*.war`
2016-06-10T23:10:29.932029+00:00 heroku[web.1]: Stopping all processes with SIGTERM
2016-06-10T23:10:30.982380+00:00 app[web.1]: 2016-06-10 23:10:30.980:INFO:oejsl.ELContextCleaner:javax.el.BeanELResolver purged
2016-06-10T23:10:30.983901+00:00 app[web.1]: 2016-06-10 23:10:30.983:INFO:oejsh.ContextHandler:stopped o.e.j.w.WebAppContext{/,file:/app/target/twiliotest/},file:/app/target/twiliotest.war
2016-06-10T23:10:31.224599+00:00 app[web.1]: Picked up JAVA_TOOL_OPTIONS: -Xmx350m -Xss512k -Dfile.encoding=UTF-8
2016-06-10T23:10:31.213075+00:00 app[web.1]: Setting JAVA_TOOL_OPTIONS defaults based on dyno size. Custom settings will override them.
2016-06-10T23:10:31.492946+00:00 app[web.1]: 2016-06-10 23:10:31.492:WARN:omjr.Runner:No tx manager found
2016-06-10T23:10:31.581058+00:00 app[web.1]: 2016-06-10 23:10:31.580:INFO:omjr.Runner:Deploying file:/app/target/twiliotest.war @ /
2016-06-10T23:10:31.630336+00:00 app[web.1]: 2016-06-10 23:10:31.630:INFO:oejs.Server:jetty-7.x.y-SNAPSHOT
2016-06-10T23:10:31.492704+00:00 app[web.1]: 2016-06-10 23:10:31.491:INFO:omjr.Runner:Runner
2016-06-10T23:10:31.627507+00:00 app[web.1]: [o.e.j.w.WebAppContext{/,null},file:/app/target/twiliotest.war]
2016-06-10T23:10:31.693652+00:00 app[web.1]: 2016-06-10 23:10:31.693:INFO:oejw.WebInfConfiguration:Extract jar:file:/app/target/twiliotest.war!/ to /app/target/twiliotest
2016-06-10T23:10:32.247804+00:00 heroku[web.1]: Process exited with status 143
2016-06-10T23:10:32.398787+00:00 app[web.1]: 2016-06-10 23:10:32.398:INFO:oejpw.PlusConfiguration:No Transaction manager found - if your webapp requires one, please configure one.
2016-06-10T23:10:32.493490+00:00 app[web.1]: 2016-06-10 23:10:32.493:INFO:oejsh.ContextHandler:started o.e.j.w.WebAppContext{/,file:/app/target/twiliotest/},file:/app/target/twiliotest.war
2016-06-10T23:10:32.555963+00:00 app[web.1]: 2016-06-10 23:10:32.555:INFO:oejs.AbstractConnector:Started SelectChannelConnector@0.0.0.0:30209 STARTING
2016-06-10T23:10:32.753906+00:00 heroku[web.1]: State changed from starting to up
